<?xml version="1.0" encoding="UTF-8"?>
<!-- Generated by org.testng.reporters.JUnitReportReporter -->
<testsuite skipped="2" hostname="LSIPL07" name="com.A3Portal.Testcases.HomePageTest" tests="3" failures="0" timestamp="28 Jun 2019 07:05:13 GMT" time="12.533" errors="0">
  <testcase name="verifyHomePageTitleTest" time="12.533" classname="com.A3Portal.Testcases.HomePageTest"/>
  <testcase name="verifyUserNameTest" classname="com.A3Portal.Testcases.HomePageTest">
    <skipped/>
  </testcase> <!-- verifyUserNameTest -->
  <testcase name="verifyContactsLinkTest" classname="com.A3Portal.Testcases.HomePageTest">
    <skipped/>
  </testcase> <!-- verifyContactsLinkTest -->
</testsuite> <!-- com.A3Portal.Testcases.HomePageTest -->
