<?xml version="1.0" encoding="UTF-8"?>
<!-- Generated by org.testng.reporters.JUnitReportReporter -->
<testsuite skipped="2" hostname="LSIPL07" name="com.A3Poarta.Testcases.LoginPageTest" tests="3" failures="0" timestamp="19 Jun 2019 07:35:09 GMT" time="24.961" errors="0">
  <testcase name="loginTest" time="24.961" classname="com.A3Poarta.Testcases.LoginPageTest"/>
  <testcase name="crmLogoImageTest" classname="com.A3Poarta.Testcases.LoginPageTest">
    <skipped/>
  </testcase> <!-- crmLogoImageTest -->
  <testcase name="loginPageTitleTest" classname="com.A3Poarta.Testcases.LoginPageTest">
    <skipped/>
  </testcase> <!-- loginPageTitleTest -->
</testsuite> <!-- com.A3Poarta.Testcases.LoginPageTest -->
