<?xml version="1.0" encoding="UTF-8"?>
<!-- Generated by org.testng.reporters.JUnitReportReporter -->
<testsuite skipped="2" hostname="LSIPL07" name="com.A3Portal.Testcases.LoginPageTest" tests="3" failures="0" timestamp="19 Jun 2019 17:33:25 GMT" time="22.831" errors="0">
  <testcase name="loginTest" time="22.831" classname="com.A3Portal.Testcases.LoginPageTest"/>
  <testcase name="crmLogoImageTest" classname="com.A3Portal.Testcases.LoginPageTest">
    <skipped/>
  </testcase> <!-- crmLogoImageTest -->
  <testcase name="loginPageTitleTest" classname="com.A3Portal.Testcases.LoginPageTest">
    <skipped/>
  </testcase> <!-- loginPageTitleTest -->
</testsuite> <!-- com.A3Portal.Testcases.LoginPageTest -->
