<?xml version="1.0" encoding="UTF-8"?>
<!-- Generated by org.testng.reporters.JUnitReportReporter -->
<testsuite skipped="1" hostname="LSIPL07" name="com.A3Portal.Testcases.LoginPageTest" tests="3" failures="0" timestamp="28 Jun 2019 07:05:13 GMT" time="39.209" errors="0">
  <testcase name="loginTest" time="25.047" classname="com.A3Portal.Testcases.LoginPageTest"/>
  <testcase name="loginPageTitleTest" time="14.162" classname="com.A3Portal.Testcases.LoginPageTest"/>
  <testcase name="crmLogoImageTest" classname="com.A3Portal.Testcases.LoginPageTest">
    <skipped/>
  </testcase> <!-- crmLogoImageTest -->
</testsuite> <!-- com.A3Portal.Testcases.LoginPageTest -->
